<?xml version="1.0" encoding="UTF-8"?>
<!-- Generated by org.testng.reporters.JUnitXMLReporter -->
<testsuite hostname="DESKTOP-0MPBAPB" ignored="2" name="Default test" tests="1" failures="0" timestamp="25 Mar 2020 00:21:38 GMT" time="17.816" errors="0">
  <testcase name="selectContactsTest" time="7.66" classname="com.crm.qa.testcases.ContactsPageTest"/>
  <testcase name="verifyContactPageLabel" time="0.0" classname="com.crm.qa.testcases.ContactsPageTest">
    <ignored/>
  </testcase> <!-- verifyContactPageLabel -->
  <testcase name="validateCreateNewContact" time="0.0" classname="com.crm.qa.testcases.ContactsPageTest">
    <ignored/>
  </testcase> <!-- validateCreateNewContact -->
</testsuite> <!-- Default test -->
