<?xml version="1.0" encoding="UTF-8"?>
<!-- Generated by org.testng.reporters.JUnitXMLReporter -->
<testsuite hostname="DESKTOP-0MPBAPB" ignored="2" name="Default test" tests="3" failures="0" timestamp="25 Mar 2020 23:55:09 GMT" time="52.167" errors="0">
  <testcase name="validateCreateNewContact" time="9.259" classname="com.crm.qa.testcases.ContactsPageTest"/>
  <testcase name="validateCreateNewContact" time="9.38" classname="com.crm.qa.testcases.ContactsPageTest"/>
  <testcase name="validateCreateNewContact" time="8.807" classname="com.crm.qa.testcases.ContactsPageTest"/>
  <testcase name="verifyContactPageLabel" time="0.0" classname="com.crm.qa.testcases.ContactsPageTest">
    <ignored/>
  </testcase> <!-- verifyContactPageLabel -->
  <testcase name="selectContactsTest" time="0.0" classname="com.crm.qa.testcases.ContactsPageTest">
    <ignored/>
  </testcase> <!-- selectContactsTest -->
</testsuite> <!-- Default test -->
