<?xml version="1.0" encoding="UTF-8"?>
<testng-results skipped="0" failed="0" ignored="2" total="3" passed="1">
  <reporter-output>
  </reporter-output>
  <suite name="Default suite" duration-ms="26767" started-at="2020-03-25T04:53:06Z" finished-at="2020-03-25T04:53:33Z">
    <groups>
    </groups>
    <test name="Default test" duration-ms="26767" started-at="2020-03-25T04:53:06Z" finished-at="2020-03-25T04:53:33Z">
      <class name="com.crm.qa.testcases.ContactsPageTest">
        <test-method status="PASS" signature="setUp()[pri:0, instance:com.crm.qa.testcases.ContactsPageTest@464bee09]" name="setUp" is-config="true" duration-ms="10090" started-at="2020-03-25T00:53:06Z" finished-at="2020-03-25T00:53:16Z">
          <reporter-output>
          </reporter-output>
        </test-method> <!-- setUp -->
        <test-method status="PASS" signature="selectContactsTest()[pri:2, instance:com.crm.qa.testcases.ContactsPageTest@464bee09]" name="selectContactsTest" duration-ms="15959" started-at="2020-03-25T00:53:16Z" finished-at="2020-03-25T00:53:32Z">
          <reporter-output>
          </reporter-output>
        </test-method> <!-- selectContactsTest -->
        <test-method status="PASS" signature="tearDown()[pri:0, instance:com.crm.qa.testcases.ContactsPageTest@464bee09]" name="tearDown" is-config="true" duration-ms="698" started-at="2020-03-25T00:53:32Z" finished-at="2020-03-25T00:53:33Z">
          <reporter-output>
          </reporter-output>
        </test-method> <!-- tearDown -->
      </class> <!-- com.crm.qa.testcases.ContactsPageTest -->
    </test> <!-- Default test -->
  </suite> <!-- Default suite -->
</testng-results>
