<?xml version="1.0" encoding="UTF-8"?>
<!-- Generated by org.testng.reporters.JUnitXMLReporter -->
<testsuite hostname="DESKTOP-0MPBAPB" ignored="0" name="CRM App Testcases" tests="4" failures="0" timestamp="25 Mar 2020 03:22:03 GMT" time="31.156" errors="0">
  <testcase name="loginPageTitleTest" time="0.031" classname="com.crm.qa.testcases.LoginPageTest"/>
  <testcase name="VerifyHomePageLabekDisplayed" time="1.391" classname="com.crm.qa.testcases.HomePageTest"/>
  <testcase name="loginTest" time="1.551" classname="com.crm.qa.testcases.LoginPageTest"/>
  <testcase name="verifyContactsLink" time="0.998" classname="com.crm.qa.testcases.HomePageTest"/>
</testsuite> <!-- CRM App Testcases -->
